# JRE version: OpenJDK Runtime Environment (21.0.9) (build 21.0.9+-14787801-b1163.94)
# Java VM: OpenJDK 64-Bit Server VM (21.0.9+-14787801-b1163.94, mixed mode, tiered, compressed oops, compressed class ptrs, g1 gc, windows-amd64)
GC Precious Log:
 CardTable entry size: 512
 Card Set container configuration: InlinePtr #cards 5 size 8 Array Of Cards #cards 12 size 40 Howl #buckets 4 coarsen threshold 1843 Howl Bitmap #cards 512 size 80 coarsen threshold 460 Card regions per heap region 1 cards per card region 2048
 CPUs: 4 total, 4 available
 Memory: 14278M
 Large Page Support: Disabled
 NUMA Support: Disabled
 Compressed Oops: Enabled (32-bit)
 Heap Region Size: 1M
 Heap Min Capacity: 8M
 Heap Initial Capacity: 224M
 Heap Max Capacity: 2G
 Pre-touch: Disabled
 Parallel Workers: 4
 Concurrent Workers: 1
 Concurrent Refinement Workers: 4
 Periodic GC: Disabled
Heap:
 garbage-first heap   total 152576K, used 112646K [0x0000000080000000, 0x0000000100000000)
  region size 1024K, 41 young (41984K), 6 survivors (6144K)
 Metaspace       used 59986K, committed 61440K, reserved 1114112K
  class space    used 8431K, committed 9152K, reserved 1048576K
GC Heap History (20 events):
Event: 46.300 GC heap before
{Heap before GC invocations=21 (full 0):
 garbage-first heap   total 119808K, used 109404K [0x0000000080000000, 0x0000000100000000)
  region size 1024K, 45 young (46080K), 6 survivors (6144K)
 Metaspace       used 58397K, committed 59840K, reserved 1114112K
  class space    used 8265K, committed 8960K, reserved 1048576K
}
Event: 46.316 GC heap after
{Heap after GC invocations=22 (full 0):
 garbage-first heap   total 120832K, used 74104K [0x0000000080000000, 0x0000000100000000)
  region size 1024K, 6 young (6144K), 6 survivors (6144K)
 Metaspace       used 58397K, committed 59840K, reserved 1114112K
  class space    used 8265K, committed 8960K, reserved 1048576K
}
Event: 47.093 GC heap before
{Heap before GC invocations=22 (full 0):
 garbage-first heap   total 120832K, used 108920K [0x0000000080000000, 0x0000000100000000)
  region size 1024K, 40 young (40960K), 6 survivors (6144K)
 Metaspace       used 59742K, committed 61248K, reserved 1114112K
  class space    used 8431K, committed 9152K, reserved 1048576K
}
Event: 47.105 GC heap after
{Heap after GC invocations=23 (full 0):
 garbage-first heap   total 120832K, used 75296K [0x0000000080000000, 0x0000000100000000)
  region size 1024K, 2 young (2048K), 2 survivors (2048K)
 Metaspace       used 59742K, committed 61248K, reserved 1114112K
  class space    used 8431K, committed 9152K, reserved 1048576K
}
Event: 47.546 GC heap before
{Heap before GC invocations=23 (full 0):
 garbage-first heap   total 120832K, used 111136K [0x0000000080000000, 0x0000000100000000)
  region size 1024K, 37 young (37888K), 2 survivors (2048K)
 Metaspace       used 59863K, committed 61312K, reserved 1114112K
  class space    used 8431K, committed 9152K, reserved 1048576K
}
Event: 47.551 GC heap after
{Heap after GC invocations=24 (full 0):
 garbage-first heap   total 120832K, used 75220K [0x0000000080000000, 0x0000000100000000)
  region size 1024K, 2 young (2048K), 2 survivors (2048K)
 Metaspace       used 59863K, committed 61312K, reserved 1114112K
  class space    used 8431K, committed 9152K, reserved 1048576K
}
Event: 48.178 GC heap before
{Heap before GC invocations=25 (full 0):
 garbage-first heap   total 126976K, used 112084K [0x0000000080000000, 0x0000000100000000)
  region size 1024K, 38 young (38912K), 2 survivors (2048K)
 Metaspace       used 59863K, committed 61312K, reserved 1114112K
  class space    used 8431K, committed 9152K, reserved 1048576K
}
Event: 48.186 GC heap after
{Heap after GC invocations=26 (full 0):
 garbage-first heap   total 126976K, used 75741K [0x0000000080000000, 0x0000000100000000)
  region size 1024K, 3 young (3072K), 3 survivors (3072K)
 Metaspace       used 59863K, committed 61312K, reserved 1114112K
  class space    used 8431K, committed 9152K, reserved 1048576K
}
Event: 48.649 GC heap before
{Heap before GC invocations=26 (full 0):
 garbage-first heap   total 126976K, used 119773K [0x0000000080000000, 0x0000000100000000)
  region size 1024K, 45 young (46080K), 3 survivors (3072K)
 Metaspace       used 59876K, committed 61312K, reserved 1114112K
  class space    used 8431K, committed 9152K, reserved 1048576K
}
Event: 48.655 GC heap after
{Heap after GC invocations=27 (full 0):
 garbage-first heap   total 152576K, used 75713K [0x0000000080000000, 0x0000000100000000)
  region size 1024K, 3 young (3072K), 3 survivors (3072K)
 Metaspace       used 59876K, committed 61312K, reserved 1114112K
  class space    used 8431K, committed 9152K, reserved 1048576K
}
Event: 49.164 GC heap before
{Heap before GC invocations=27 (full 0):
 garbage-first heap   total 152576K, used 143297K [0x0000000080000000, 0x0000000100000000)
  region size 1024K, 69 young (70656K), 3 survivors (3072K)
 Metaspace       used 59881K, committed 61312K, reserved 1114112K
  class space    used 8431K, committed 9152K, reserved 1048576K
}
Event: 49.170 GC heap after
{Heap after GC invocations=28 (full 0):
 garbage-first heap   total 152576K, used 76256K [0x0000000080000000, 0x0000000100000000)
  region size 1024K, 3 young (3072K), 3 survivors (3072K)
 Metaspace       used 59881K, committed 61312K, reserved 1114112K
  class space    used 8431K, committed 9152K, reserved 1048576K
}
Event: 49.811 GC heap before
{Heap before GC invocations=28 (full 0):
 garbage-first heap   total 152576K, used 143840K [0x0000000080000000, 0x0000000100000000)
  region size 1024K, 69 young (70656K), 3 survivors (3072K)
 Metaspace       used 59891K, committed 61376K, reserved 1114112K
  class space    used 8431K, committed 9152K, reserved 1048576K
}
Event: 49.817 GC heap after
{Heap after GC invocations=29 (full 0):
 garbage-first heap   total 152576K, used 77081K [0x0000000080000000, 0x0000000100000000)
  region size 1024K, 4 young (4096K), 4 survivors (4096K)
 Metaspace       used 59891K, committed 61376K, reserved 1114112K
  class space    used 8431K, committed 9152K, reserved 1048576K
}
Event: 50.382 GC heap before
{Heap before GC invocations=29 (full 0):
 garbage-first heap   total 152576K, used 143641K [0x0000000080000000, 0x0000000100000000)
  region size 1024K, 69 young (70656K), 4 survivors (4096K)
 Metaspace       used 59923K, committed 61376K, reserved 1114112K
  class space    used 8431K, committed 9152K, reserved 1048576K
}
Event: 50.389 GC heap after
{Heap after GC invocations=30 (full 0):
 garbage-first heap   total 152576K, used 77446K [0x0000000080000000, 0x0000000100000000)
  region size 1024K, 5 young (5120K), 5 survivors (5120K)
 Metaspace       used 59923K, committed 61376K, reserved 1114112K
  class space    used 8431K, committed 9152K, reserved 1048576K
}
Event: 51.088 GC heap before
{Heap before GC invocations=31 (full 0):
 garbage-first heap   total 152576K, used 142982K [0x0000000080000000, 0x0000000100000000)
  region size 1024K, 69 young (70656K), 5 survivors (5120K)
 Metaspace       used 59945K, committed 61376K, reserved 1114112K
  class space    used 8431K, committed 9152K, reserved 1048576K
}
Event: 51.095 GC heap after
{Heap after GC invocations=32 (full 0):
 garbage-first heap   total 152576K, used 78235K [0x0000000080000000, 0x0000000100000000)
  region size 1024K, 5 young (5120K), 5 survivors (5120K)
 Metaspace       used 59945K, committed 61376K, reserved 1114112K
  class space    used 8431K, committed 9152K, reserved 1048576K
}
Event: 51.628 GC heap before
{Heap before GC invocations=32 (full 0):
 garbage-first heap   total 152576K, used 143771K [0x0000000080000000, 0x0000000100000000)
  region size 1024K, 69 young (70656K), 5 survivors (5120K)
 Metaspace       used 59978K, committed 61440K, reserved 1114112K
  class space    used 8431K, committed 9152K, reserved 1048576K
}
Event: 51.636 GC heap after
{Heap after GC invocations=33 (full 0):
 garbage-first heap   total 152576K, used 77830K [0x0000000080000000, 0x0000000100000000)
  region size 1024K, 6 young (6144K), 6 survivors (6144K)
 Metaspace       used 59978K, committed 61440K, reserved 1114112K
  class space    used 8431K, committed 9152K, reserved 1048576K
}

