# JRE version: OpenJDK Runtime Environment (21.0.8) (build 21.0.8+-14196175-b1038.72)
# Java VM: OpenJDK 64-Bit Server VM (21.0.8+-14196175-b1038.72, mixed mode, tiered, compressed oops, compressed class ptrs, g1 gc, windows-amd64)
GC Precious Log:
 CardTable entry size: 512
 Card Set container configuration: InlinePtr #cards 5 size 8 Array Of Cards #cards 12 size 40 Howl #buckets 4 coarsen threshold 1843 Howl Bitmap #cards 512 size 80 coarsen threshold 460 Card regions per heap region 1 cards per card region 2048
 CPUs: 4 total, 4 available
 Memory: 14278M
 Large Page Support: Disabled
 NUMA Support: Disabled
 Compressed Oops: Enabled (32-bit)
 Heap Region Size: 1M
 Heap Min Capacity: 8M
 Heap Initial Capacity: 224M
 Heap Max Capacity: 2G
 Pre-touch: Disabled
 Parallel Workers: 4
 Concurrent Workers: 1
 Concurrent Refinement Workers: 4
 Periodic GC: Disabled
Heap:
 garbage-first heap   total 71680K, used 48384K [0x0000000080000000, 0x0000000100000000)
  region size 1024K, 14 young (14336K), 2 survivors (2048K)
 Metaspace       used 47279K, committed 48256K, reserved 1114112K
  class space    used 6387K, committed 6848K, reserved 1048576K
GC Heap History (18 events):
Event: 1.000 GC heap before
{Heap before GC invocations=0 (full 0):
 garbage-first heap   total 229376K, used 13312K [0x0000000080000000, 0x0000000100000000)
  region size 1024K, 13 young (13312K), 0 survivors (0K)
 Metaspace       used 7507K, committed 7680K, reserved 1114112K
  class space    used 702K, committed 768K, reserved 1048576K
}
Event: 1.008 GC heap after
{Heap after GC invocations=1 (full 0):
 garbage-first heap   total 229376K, used 1248K [0x0000000080000000, 0x0000000100000000)
  region size 1024K, 2 young (2048K), 2 survivors (2048K)
 Metaspace       used 7507K, committed 7680K, reserved 1114112K
  class space    used 702K, committed 768K, reserved 1048576K
}
Event: 4.269 GC heap before
{Heap before GC invocations=1 (full 0):
 garbage-first heap   total 229376K, used 28896K [0x0000000080000000, 0x0000000100000000)
  region size 1024K, 27 young (27648K), 2 survivors (2048K)
 Metaspace       used 11386K, committed 11520K, reserved 1114112K
  class space    used 1231K, committed 1280K, reserved 1048576K
}
Event: 4.276 GC heap after
{Heap after GC invocations=2 (full 0):
 garbage-first heap   total 229376K, used 10385K [0x0000000080000000, 0x0000000100000000)
  region size 1024K, 4 young (4096K), 4 survivors (4096K)
 Metaspace       used 11386K, committed 11520K, reserved 1114112K
  class space    used 1231K, committed 1280K, reserved 1048576K
}
Event: 8.975 GC heap before
{Heap before GC invocations=2 (full 0):
 garbage-first heap   total 229376K, used 101521K [0x0000000080000000, 0x0000000100000000)
  region size 1024K, 93 young (95232K), 4 survivors (4096K)
 Metaspace       used 21238K, committed 21504K, reserved 1114112K
  class space    used 2528K, committed 2624K, reserved 1048576K
}
Event: 8.990 GC heap after
{Heap after GC invocations=3 (full 0):
 garbage-first heap   total 229376K, used 20548K [0x0000000080000000, 0x0000000100000000)
  region size 1024K, 13 young (13312K), 13 survivors (13312K)
 Metaspace       used 21238K, committed 21504K, reserved 1114112K
  class space    used 2528K, committed 2624K, reserved 1048576K
}
Event: 10.408 GC heap before
{Heap before GC invocations=4 (full 0):
 garbage-first heap   total 71680K, used 50244K [0x0000000080000000, 0x0000000100000000)
  region size 1024K, 42 young (43008K), 13 survivors (13312K)
 Metaspace       used 26627K, committed 27008K, reserved 1114112K
  class space    used 3353K, committed 3520K, reserved 1048576K
}
Event: 10.424 GC heap after
{Heap after GC invocations=5 (full 0):
 garbage-first heap   total 71680K, used 22120K [0x0000000080000000, 0x0000000100000000)
  region size 1024K, 2 young (2048K), 2 survivors (2048K)
 Metaspace       used 26627K, committed 27008K, reserved 1114112K
  class space    used 3353K, committed 3520K, reserved 1048576K
}
Event: 11.657 GC heap before
{Heap before GC invocations=5 (full 0):
 garbage-first heap   total 71680K, used 55912K [0x0000000080000000, 0x0000000100000000)
  region size 1024K, 36 young (36864K), 2 survivors (2048K)
 Metaspace       used 31259K, committed 31808K, reserved 1114112K
  class space    used 4199K, committed 4480K, reserved 1048576K
}
Event: 11.664 GC heap after
{Heap after GC invocations=6 (full 0):
 garbage-first heap   total 71680K, used 25119K [0x0000000080000000, 0x0000000100000000)
  region size 1024K, 4 young (4096K), 4 survivors (4096K)
 Metaspace       used 31259K, committed 31808K, reserved 1114112K
  class space    used 4199K, committed 4480K, reserved 1048576K
}
Event: 52.341 GC heap before
{Heap before GC invocations=6 (full 0):
 garbage-first heap   total 71680K, used 52767K [0x0000000080000000, 0x0000000100000000)
  region size 1024K, 32 young (32768K), 4 survivors (4096K)
 Metaspace       used 35277K, committed 36096K, reserved 1114112K
  class space    used 4874K, committed 5312K, reserved 1048576K
}
Event: 52.349 GC heap after
{Heap after GC invocations=7 (full 0):
 garbage-first heap   total 71680K, used 26655K [0x0000000080000000, 0x0000000100000000)
  region size 1024K, 4 young (4096K), 4 survivors (4096K)
 Metaspace       used 35277K, committed 36096K, reserved 1114112K
  class space    used 4874K, committed 5312K, reserved 1048576K
}
Event: 54.278 GC heap before
{Heap before GC invocations=8 (full 0):
 garbage-first heap   total 71680K, used 60447K [0x0000000080000000, 0x0000000100000000)
  region size 1024K, 37 young (37888K), 4 survivors (4096K)
 Metaspace       used 42065K, committed 42944K, reserved 1114112K
  class space    used 5794K, committed 6208K, reserved 1048576K
}
Event: 54.289 GC heap after
{Heap after GC invocations=9 (full 0):
 garbage-first heap   total 71680K, used 30309K [0x0000000080000000, 0x0000000100000000)
  region size 1024K, 5 young (5120K), 5 survivors (5120K)
 Metaspace       used 42065K, committed 42944K, reserved 1114112K
  class space    used 5794K, committed 6208K, reserved 1048576K
}
Event: 55.031 GC heap before
{Heap before GC invocations=9 (full 0):
 garbage-first heap   total 71680K, used 60005K [0x0000000080000000, 0x0000000100000000)
  region size 1024K, 35 young (35840K), 5 survivors (5120K)
 Metaspace       used 44132K, committed 44992K, reserved 1114112K
  class space    used 6022K, committed 6400K, reserved 1048576K
}
Event: 55.042 GC heap after
{Heap after GC invocations=10 (full 0):
 garbage-first heap   total 71680K, used 32120K [0x0000000080000000, 0x0000000100000000)
  region size 1024K, 3 young (3072K), 3 survivors (3072K)
 Metaspace       used 44132K, committed 44992K, reserved 1114112K
  class space    used 6022K, committed 6400K, reserved 1048576K
}
Event: 55.449 GC heap before
{Heap before GC invocations=10 (full 0):
 garbage-first heap   total 71680K, used 44408K [0x0000000080000000, 0x0000000100000000)
  region size 1024K, 14 young (14336K), 3 survivors (3072K)
 Metaspace       used 45173K, committed 46080K, reserved 1114112K
  class space    used 6176K, committed 6592K, reserved 1048576K
}
Event: 55.455 GC heap after
{Heap after GC invocations=11 (full 0):
 garbage-first heap   total 71680K, used 35072K [0x0000000080000000, 0x0000000100000000)
  region size 1024K, 2 young (2048K), 2 survivors (2048K)
 Metaspace       used 45173K, committed 46080K, reserved 1114112K
  class space    used 6176K, committed 6592K, reserved 1048576K
}

